13-Oct-2022 12:32:30 INFO - Application applied by Amit
13-Oct-2022 12:32:30 INFO - Verifying Age
13-Oct-2022 12:32:30 INFO - Age verification successful
13-Oct-2022 12:32:30 INFO - Doing Medical Checkup
13-Oct-2022 12:32:30 INFO - Medical Checkup Successful
13-Oct-2022 12:32:30 INFO - Doing Police Verificaiton
13-Oct-2022 12:32:30 INFO - Police Verificaiton failed
13-Oct-2022 12:32:30 INFO - Application applied by Ashu
13-Oct-2022 12:32:30 INFO - Verifying Age
13-Oct-2022 12:32:30 INFO - Age verification successful
13-Oct-2022 12:32:30 INFO - Doing Medical Checkup
13-Oct-2022 12:32:30 INFO - Medical Checkup Successful
13-Oct-2022 12:32:30 INFO - Doing Police Verificaiton
13-Oct-2022 12:32:30 INFO - Police Verificaiton successful
13-Oct-2022 12:32:30 INFO - Application applied by Raman
13-Oct-2022 12:32:30 INFO - Verifying Age
13-Oct-2022 12:32:30 INFO - Age verification successful
13-Oct-2022 12:32:30 INFO - Doing Medical Checkup
13-Oct-2022 12:32:30 INFO - Medical Checkup Successful
13-Oct-2022 12:32:30 INFO - Doing Police Verificaiton
13-Oct-2022 12:32:30 INFO - Police Verificaiton failed
13-Oct-2022 12:55:01 INFO - Application applied by Amit
13-Oct-2022 12:55:01 INFO - Verifying Age
13-Oct-2022 12:55:01 INFO - Age verification successful
13-Oct-2022 12:55:01 INFO - Doing Medical Checkup
13-Oct-2022 12:55:01 INFO - Medical Checkup Successful
13-Oct-2022 12:55:01 INFO - Doing Police Verificaiton
13-Oct-2022 12:55:01 INFO - Police Verificaiton failed
13-Oct-2022 12:55:01 INFO - Application applied by Ashu
13-Oct-2022 12:55:01 INFO - Verifying Age
13-Oct-2022 12:55:01 INFO - Age verification successful
13-Oct-2022 12:55:01 INFO - Doing Medical Checkup
13-Oct-2022 12:55:01 INFO - Medical Checkup Successful
13-Oct-2022 12:55:01 INFO - Doing Police Verificaiton
13-Oct-2022 12:55:01 INFO - Police Verificaiton successful
13-Oct-2022 12:55:01 INFO - Application applied by Raman
13-Oct-2022 12:55:01 INFO - Verifying Age
13-Oct-2022 12:55:01 INFO - Age verification successful
13-Oct-2022 12:55:01 INFO - Doing Medical Checkup
13-Oct-2022 12:55:01 INFO - Medical verification failed
13-Oct-2022 15:04:59 INFO - Application applied by abc
13-Oct-2022 15:04:59 INFO - Verifying Age
13-Oct-2022 15:04:59 INFO - Age verification successful
13-Oct-2022 15:23:15 INFO - Application applied by abc
13-Oct-2022 15:23:15 INFO - Verifying Age
13-Oct-2022 15:23:15 INFO - Age verification successful
13-Oct-2022 15:23:32 INFO - Application applied by abc
13-Oct-2022 15:23:32 INFO - Verifying Age
13-Oct-2022 15:23:32 INFO - Age verification successful
13-Oct-2022 15:24:01 INFO - Application applied by abc
13-Oct-2022 15:24:01 INFO - Verifying Age
13-Oct-2022 15:24:01 INFO - Age verification failed due to age is less than 18
13-Oct-2022 15:37:12 INFO - Application applied by abc
13-Oct-2022 15:37:12 INFO - Verifying Age
13-Oct-2022 15:37:12 INFO - Age verification failed due to age is less than 18
13-Oct-2022 15:53:47 INFO - Application applied by ABC
13-Oct-2022 15:53:47 INFO - Verifying Age
13-Oct-2022 15:53:47 INFO - Age verification successful
13-Oct-2022 15:54:25 INFO - Application applied by ABC
13-Oct-2022 15:54:25 INFO - Verifying Age
13-Oct-2022 15:54:25 INFO - Age verification failed due to age is less than 18
13-Oct-2022 15:59:43 INFO - Application applied by ABC
13-Oct-2022 15:59:43 INFO - Verifying Age
13-Oct-2022 15:59:43 INFO - Age verification failed due to age is less than 18
13-Oct-2022 15:59:43 INFO - Application applied by ABC
13-Oct-2022 15:59:43 INFO - Verifying Age
13-Oct-2022 15:59:43 INFO - Age verification failed due to age is less than 18
13-Oct-2022 16:00:34 INFO - Application applied by ABC
13-Oct-2022 16:00:34 INFO - Verifying Age
13-Oct-2022 16:00:34 INFO - Age verification failed due to age is less than 18
13-Oct-2022 16:00:34 INFO - Application applied by ABC
13-Oct-2022 16:00:34 INFO - Doing Medical Checkup
13-Oct-2022 16:00:34 INFO - Medical verification failed
14-Oct-2022 09:46:27 INFO - Application applied by ABC
14-Oct-2022 09:46:27 INFO - Verifying Age
14-Oct-2022 09:46:27 INFO - Age verification failed due to age is less than 18
14-Oct-2022 09:46:27 INFO - Application applied by ABC
14-Oct-2022 09:46:27 INFO - Doing Medical Checkup
14-Oct-2022 09:46:27 INFO - Medical verification failed
